{
  "stats": {
    "suites": 1,
    "tests": 1,
    "passes": 1,
    "pending": 0,
    "failures": 0,
    "start": "2021-03-05T02:06:57.371Z",
    "end": "2021-03-05T02:07:18.425Z",
    "duration": 21054,
    "testsRegistered": 1,
    "passPercent": 100,
    "pendingPercent": 0,
    "other": 0,
    "hasOther": false,
    "skipped": 0,
    "hasSkipped": false
  },
  "results": [
    {
      "uuid": "3861e5f2-3a0a-4887-819c-3ad9e36a0157",
      "title": "",
      "fullFile": "cypress/integration/compra.spec.js",
      "file": "cypress/integration/compra.spec.js",
      "beforeHooks": [],
      "afterHooks": [],
      "tests": [],
      "suites": [
        {
          "uuid": "1cacdff5-910e-4a07-b109-2e94c864b7d3",
          "title": "Compra",
          "fullFile": "",
          "file": "",
          "beforeHooks": [],
          "afterHooks": [],
          "tests": [
            {
              "title": "Efetuar uma compra de produto",
              "fullTitle": "Compra Efetuar uma compra de produto",
              "timedOut": null,
              "duration": 20979,
              "state": "passed",
              "speed": "slow",
              "pass": true,
              "fail": false,
              "pending": false,
              "context": null,
              "code": "cy.backgroundLogin();\ncy.visit('/'); //http://automationpractice.com/index.php\n//cy.pause()\nvar nomeProduto = 'Faded Short Sleeve T-shirts';\ncy.contains(nomeProduto).trigger('mouseover');\ncy.contains(nomeProduto).parent() //h5\n.siblings('div.button-container').children('a').first() //add to cart\n.click(); //Validando se o produto foi adicionado com sucesso\ncy.get('.icon-ok').parent() //h2\n.should('contain.text', 'Product successfully added to your shopping cart');\ncy.get('span#layer_cart_product_title').should('contain.text', nomeProduto);\ncy.get(\".button-container a[href$='controller=order']\").click();\ncy.get(\".cart_navigation a[href$='order&step=1'] \").click(); // Códigos caso não estiver logado \n// cy.get('#email').type('lucio.simoes@gmail.com')\n// cy.get('#passwd').type('lu301260')\n// cy.get('button#SubmitLogin').click()\n//cy.get('[type=checkbox]#addressesAreEquals').uncheck()\n//validando se o checkbox de endereço de entrega está marcado\n//asserção | atribuito | valor\ncy.get('[type=checkbox]#addressesAreEquals').should('have.attr', 'checked', 'checked');\ncy.get('[type=checkbox]#addressesAreEquals').should('have.attr', 'name', 'same');\ncy.get('button[name=\"processAddress\"]').click();\ncy.get('[type=checkbox]#cgv').check();\ncy.get('button[name=\"processCarrier\"]').click();\ncy.get('.bankwire').click();\ncy.get('.cart_navigation button[type=submit]').find('span').contains('I confirm my order').click(); //expect = explicito ou should = implicito\ncy.get('.cheque-indent strong').should('contain.text', 'Your order on My Store is complete.');\ncy.get('div.box').invoke('text').then(function (text) {\n  console.log(text.match(/[A-Z][A-Z]+/g)[1]); // 0 -> RTP\n  // 1 -> ID da order\n  //1.capturar o texto do box [X]\n  //2.filtrar o ID da order[X]\n  //3.armazenar o ID[x]\n  //4.obter o ID armazenado[x]    \n  // escrita de um arquico json com o conteúdo do pedido\n  // caminho do arquivo (sempre a apartir do root) | conteúdo do arquivo\n  cy.writeFile('cypress/fixtures/pedido.json', {\n    id: \"\".concat(text.match(/[A-Z][A-Z]+/g)[1])\n  });\n});\ncy.get(\".cart_navigation a[href$='history']\").click(); //leitura do arquivo\ncy.readFile('cypress/fixtures/pedido.json').then(function (pedido) {\n  cy.get('tr.first_item .history_link a').should('contain.text', pedido.id);\n});",
              "err": {},
              "uuid": "e7e338e2-d7e4-43ff-bf78-bb674038fb2e",
              "parentUUID": "1cacdff5-910e-4a07-b109-2e94c864b7d3",
              "isHook": false,
              "skipped": false
            }
          ],
          "suites": [],
          "passes": [
            "e7e338e2-d7e4-43ff-bf78-bb674038fb2e"
          ],
          "failures": [],
          "pending": [],
          "skipped": [],
          "duration": 20979,
          "root": false,
          "rootEmpty": false,
          "_timeout": 2000
        }
      ],
      "passes": [],
      "failures": [],
      "pending": [],
      "skipped": [],
      "duration": 0,
      "root": true,
      "rootEmpty": true,
      "_timeout": 2000
    }
  ],
  "meta": {
    "mocha": {
      "version": "7.0.1"
    },
    "mochawesome": {
      "options": {
        "quiet": true,
        "reportFilename": "mochawesome",
        "saveHtml": false,
        "saveJson": true,
        "consoleReporter": "spec",
        "useInlineDiffs": false,
        "code": true
      },
      "version": "6.2.2"
    },
    "marge": {
      "options": {
        "id": "default",
        "reportDir": "mochawesome-report",
        "quiet": true,
        "overwrite": false,
        "html": false,
        "json": true
      },
      "version": "5.2.0"
    }
  }
}